DSCAPP_Login_and_register/app/build/intermediates/manifest_merge_blame_file/debug/manifest-merger-blame-debug-report.txt
1<?xml version="1.0" encoding="utf-8"?>
2<manifest xmlns:android="http://schemas.android.com/apk/res/android"
3    package="com.example.dscapp"
4    android:versionCode="1"
5    android:versionName="1.0" >
6
7    <uses-sdk
8        android:minSdkVersion="21"
8-->src\main\AndroidManifest.xml
9        android:targetSdkVersion="29" />
9-->src\main\AndroidManifest.xml
10
11    <application
11-->src\main\AndroidManifest.xml:5:5-21:19
12        android:allowBackup="true"
12-->src\main\AndroidManifest.xml:6:9-35
13        android:appComponentFactory="androidx.core.app.CoreComponentFactory"
13-->[androidx.core:core:1.0.1] AndroidManifest.xml:22:18-86
14        android:debuggable="true"
15        android:icon="@mipmap/ic_launcher"
15-->src\main\AndroidManifest.xml:7:9-43
16        android:label="@string/app_name"
16-->src\main\AndroidManifest.xml:8:9-41
17        android:roundIcon="@mipmap/ic_launcher_round"
17-->src\main\AndroidManifest.xml:9:9-54
18        android:supportsRtl="true"
18-->src\main\AndroidManifest.xml:10:9-35
19        android:theme="@style/AppTheme" >
19-->src\main\AndroidManifest.xml:11:9-40
20        <activity android:name="com.example.dscapp.Homepage" />
20-->src\main\AndroidManifest.xml:12:9-55
20-->src\main\AndroidManifest.xml:12:19-43
21        <activity android:name="com.example.dscapp.Register" />
21-->src\main\AndroidManifest.xml:13:9-46
21-->src\main\AndroidManifest.xml:13:19-43
22        <activity android:name="com.example.dscapp.Login" >
22-->src\main\AndroidManifest.xml:14:9-20:20
22-->src\main\AndroidManifest.xml:14:19-40
23            <intent-filter>
23-->src\main\AndroidManifest.xml:15:13-19:29
24                <action android:name="android.intent.action.MAIN" />
24-->src\main\AndroidManifest.xml:16:17-69
24-->src\main\AndroidManifest.xml:16:25-66
25
26                <category android:name="android.intent.category.LAUNCHER" />
26-->src\main\AndroidManifest.xml:18:17-77
26-->src\main\AndroidManifest.xml:18:27-74
27            </intent-filter>
28        </activity>
29        <activity
29-->[com.google.firebase:firebase-auth:16.0.5] AndroidManifest.xml:24:9-31:50
30            android:name="com.google.firebase.auth.internal.FederatedSignInActivity"
30-->[com.google.firebase:firebase-auth:16.0.5] AndroidManifest.xml:25:13-85
31            android:excludeFromRecents="true"
31-->[com.google.firebase:firebase-auth:16.0.5] AndroidManifest.xml:26:13-46
32            android:exported="true"
32-->[com.google.firebase:firebase-auth:16.0.5] AndroidManifest.xml:27:13-36
33            android:launchMode="singleTask"
33-->[com.google.firebase:firebase-auth:16.0.5] AndroidManifest.xml:28:13-44
34            android:permission="com.google.firebase.auth.api.gms.permission.LAUNCH_FEDERATED_SIGN_IN"
34-->[com.google.firebase:firebase-auth:16.0.5] AndroidManifest.xml:29:13-102
35            android:theme="@android:style/Theme.Translucent.NoTitleBar" />
35-->[com.google.firebase:firebase-auth:16.0.5] AndroidManifest.xml:30:13-72
36
37        <service
37-->[com.google.firebase:firebase-auth:16.0.5] AndroidManifest.xml:33:9-39:19
38            android:name="com.google.firebase.components.ComponentDiscoveryService"
38-->[com.google.firebase:firebase-auth:16.0.5] AndroidManifest.xml:34:13-84
39            android:exported="false" >
39-->[com.google.firebase:firebase-auth:16.0.5] AndroidManifest.xml:35:13-37
40            <meta-data
40-->[com.google.firebase:firebase-auth:16.0.5] AndroidManifest.xml:36:13-38:85
41                android:name="com.google.firebase.components:com.google.firebase.auth.FirebaseAuthRegistrar"
41-->[com.google.firebase:firebase-auth:16.0.5] AndroidManifest.xml:37:17-109
42                android:value="com.google.firebase.components.ComponentRegistrar" />
42-->[com.google.firebase:firebase-auth:16.0.5] AndroidManifest.xml:38:17-82
43        </service>
44
45        <activity
45-->[com.google.android.gms:play-services-base:16.0.1] AndroidManifest.xml:23:9-26:75
46            android:name="com.google.android.gms.common.api.GoogleApiActivity"
46-->[com.google.android.gms:play-services-base:16.0.1] AndroidManifest.xml:24:13-79
47            android:exported="false"
47-->[com.google.android.gms:play-services-base:16.0.1] AndroidManifest.xml:25:13-37
48            android:theme="@android:style/Theme.Translucent.NoTitleBar" />
48-->[com.google.android.gms:play-services-base:16.0.1] AndroidManifest.xml:26:13-72
49
50        <provider
50-->[com.google.firebase:firebase-common:16.0.3] AndroidManifest.xml:10:9-14:39
51            android:name="com.google.firebase.provider.FirebaseInitProvider"
51-->[com.google.firebase:firebase-common:16.0.3] AndroidManifest.xml:11:13-77
52            android:authorities="com.example.dscapp.firebaseinitprovider"
52-->[com.google.firebase:firebase-common:16.0.3] AndroidManifest.xml:12:13-72
53            android:exported="false"
53-->[com.google.firebase:firebase-common:16.0.3] AndroidManifest.xml:13:13-37
54            android:initOrder="100" />
54-->[com.google.firebase:firebase-common:16.0.3] AndroidManifest.xml:14:13-36
55
56        <meta-data
56-->[com.google.android.gms:play-services-basement:16.1.0] AndroidManifest.xml:23:9-25:69
57            android:name="com.google.android.gms.version"
57-->[com.google.android.gms:play-services-basement:16.1.0] AndroidManifest.xml:24:13-58
58            android:value="@integer/google_play_services_version" />
58-->[com.google.android.gms:play-services-basement:16.1.0] AndroidManifest.xml:25:13-66
59    </application>
60
61</manifest>